#
# There is insufficient memory for the Java Runtime Environment to continue.
# Native memory allocation (mmap) failed to map 134217728 bytes for G1 virtual space
# Possible reasons:
#   The system is out of physical RAM or swap space
#   The process is running with CompressedOops enabled, and the Java Heap may be blocking the growth of the native heap
# Possible solutions:
#   Reduce memory load on the system
#   Increase physical memory or swap space
#   Check if swap backing store is full
#   Decrease Java heap size (-Xmx/-Xms)
#   Decrease number of Java threads
#   Decrease Java thread stack sizes (-Xss)
#   Set larger code cache with -XX:ReservedCodeCacheSize=
#   JVM is running with Unscaled Compressed Oops mode in which the Java heap is
#     placed in the first 4GB address space. The Java Heap base address is the
#     maximum limit for the native heap growth. Please use -XX:HeapBaseMinAddress
#     to set the Java Heap base and to place the Java Heap above 4GB virtual address.
# This output file may be truncated or incomplete.
#
#  Out of Memory Error (os_windows.cpp:3600), pid=9208, tid=15448
#
# JRE version:  (21.0.2+13) (build )
# Java VM: Java HotSpot(TM) 64-Bit Server VM (21.0.2+13-LTS-58, mixed mode, sharing, tiered, compressed oops, compressed class ptrs, g1 gc, windows-amd64)
# No core dump will be written. Minidumps are not enabled by default on client versions of Windows
#

---------------  S U M M A R Y ------------

Command Line: -Dfile.encoding=UTF-8 -Dstdout.encoding=UTF-8 -Dstderr.encoding=UTF-8 -XX:+ShowCodeDetailsInExceptionMessages Main

Host: Intel(R) Core(TM) i7-6600U CPU @ 2.60GHz, 4 cores, 7G,  Windows 10 , 64 bit Build 19041 (10.0.19041.3636)
Time: Sat Apr 20 04:45:16 2024 GMT Daylight Time elapsed time: 0.018610 seconds (0d 0h 0m 0s)

---------------  T H R E A D  ---------------

Current thread (0x000001b35a13b7f0):  JavaThread "Unknown thread" [_thread_in_vm, id=15448, stack(0x0000003fcf300000,0x0000003fcf400000) (1024K)]

Stack: [0x0000003fcf300000,0x0000003fcf400000]
Native frames: (J=compiled Java code, j=interpreted, Vv=VM code, C=native code)
V  [jvm.dll+0x6cade9]
V  [jvm.dll+0x8569c1]
V  [jvm.dll+0x858d2e]
V  [jvm.dll+0x859413]
V  [jvm.dll+0x280e56]
V  [jvm.dll+0x6c74d5]
V  [jvm.dll+0x6bbeca]
V  [jvm.dll+0x355bca]
V  [jvm.dll+0x35d816]
V  [jvm.dll+0x3ae67e]
V  [jvm.dll+0x3ae928]
V  [jvm.dll+0x3295dc]
V  [jvm.dll+0x32a16b]
V  [jvm.dll+0x81efa9]
V  [jvm.dll+0x3bba01]
V  [jvm.dll+0x807928]
V  [jvm.dll+0x44f50e]
V  [jvm.dll+0x450e11]
C  [jli.dll+0x52a3]
C  [ucrtbase.dll+0x21bb2]
C  [KERNEL32.DLL+0x17344]
C  [ntdll.dll+0x526b1]


---------------  P R O C E S S  ---------------

Threads class SMR info:
_java_thread_list=0x00007ffc6ae5bb88, length=0, elements={
}

Java Threads: ( => current thread )
Total: 0

Other Threads:
  0x000001b35a3aded0 WorkerThread "GC Thread#0"                     [id=4732, stack(0x0000003fcf400000,0x0000003fcf500000) (1024K)]
  0x000001b35a3bfb60 ConcurrentGCThread "G1 Main Marker"            [id=9492, stack(0x0000003fcf500000,0x0000003fcf600000) (1024K)]
  0x000001b35a3c0570 WorkerThread "G1 Conc#0"                       [id=19072, stack(0x0000003fcf600000,0x0000003fcf700000) (1024K)]

[error occurred during error reporting (printing all threads), id 0xc0000005, EXCEPTION_ACCESS_VIOLATION (0xc0000005) at pc=0x00007ffc6a5cc6a7]
VM state: not at safepoint (not fully initialized)

VM Mutex/Monitor currently owned by a thread:  ([mutex/lock_event])
[0x00007ffc6aecce68] Heap_lock - owner thread: 0x000001b35a13b7f0

Heap address: 0x0000000081e00000, size: 2018 MB, Compressed Oops mode: 32-bit

CDS archive(s) mapped at: [0x0000000000000000-0x0000000000000000-0x0000000000000000), size 0, SharedBaseAddress: 0x0000000800000000, ArchiveRelocationMode: 1.
Narrow klass base: 0x0000000000000000, Narrow klass shift: 0, Narrow klass range: 0x0

GC Precious Log:
 CardTable entry size: 512
 Card Set container configuration: InlinePtr #cards 5 size 8 Array Of Cards #cards 12 size 40 Howl #buckets 4 coarsen threshold 1843 Howl Bitmap #cards 512 size 80 coarsen threshold 460 Card regions per heap region 1 cards per card region 2048

Heap:
 garbage-first heap   total 0K, used 0K [0x0000000081e00000, 0x0000000100000000)
  region size 1024K, 0 young (0K), 0 survivors (0K)

[error occurred during error reporting (printing heap information), id 0xc0000005, EXCEPTION_ACCESS_VIOLATION (0xc0000005) at pc=0x00007ffc6a9b39f9]
GC Heap History (0 events):
No events

Dll operation events (1 events):
Event: 0.012 Loaded shared library C:\Program Files\Java\jdk-21\bin\java.dll

Deoptimization events (0 events):
No events

Classes loaded (0 events):
No events

Classes unloaded (0 events):
No events

Classes redefined (0 events):
No events

Internal exceptions (0 events):
No events

ZGC Phase Switch (0 events):
No events

VM Operations (0 events):
No events

Events (0 events):
No events


Dynamic libraries:
0x00007ff7ea580000 - 0x00007ff7ea590000 	C:\Program Files\Java\jdk-21\bin\javaw.exe
0x00007ffcd0310000 - 0x00007ffcd0508000 	C:\Windows\SYSTEM32\ntdll.dll
0x00007ffcce900000 - 0x00007ffcce9bd000 	C:\Windows\System32\KERNEL32.DLL
0x00007ffccd9f0000 - 0x00007ffccdce6000 	C:\Windows\System32\KERNELBASE.dll
0x00007ffccdcf0000 - 0x00007ffccddf0000 	C:\Windows\System32\ucrtbase.dll
0x00007ffcc3b70000 - 0x00007ffcc3b8b000 	C:\Program Files\Java\jdk-21\bin\VCRUNTIME140.dll
0x00007ffcc3b50000 - 0x00007ffcc3b69000 	C:\Program Files\Java\jdk-21\bin\jli.dll
0x00007ffccffe0000 - 0x00007ffcd0090000 	C:\Windows\System32\ADVAPI32.dll
0x00007ffccf170000 - 0x00007ffccf20e000 	C:\Windows\System32\msvcrt.dll
0x00007ffccff40000 - 0x00007ffccffe0000 	C:\Windows\System32\sechost.dll
0x00007ffccfe10000 - 0x00007ffccff33000 	C:\Windows\System32\RPCRT4.dll
0x00007ffcce1b0000 - 0x00007ffcce1d7000 	C:\Windows\System32\bcrypt.dll
0x00007ffcd0090000 - 0x00007ffcd022f000 	C:\Windows\System32\USER32.dll
0x00007ffccd9c0000 - 0x00007ffccd9e2000 	C:\Windows\System32\win32u.dll
0x00007ffccf470000 - 0x00007ffccf49b000 	C:\Windows\System32\GDI32.dll
0x00007ffcb0a50000 - 0x00007ffcb0cea000 	C:\Windows\WinSxS\amd64_microsoft.windows.common-controls_6595b64144ccf1df_6.0.19041.3636_none_60b6a03d71f818d5\COMCTL32.dll
0x00007ffccddf0000 - 0x00007ffccdf07000 	C:\Windows\System32\gdi32full.dll
0x00007ffcce030000 - 0x00007ffcce0cd000 	C:\Windows\System32\msvcp_win.dll
0x00007ffcc3e50000 - 0x00007ffcc3e5a000 	C:\Windows\SYSTEM32\VERSION.dll
0x00007ffccf130000 - 0x00007ffccf162000 	C:\Windows\System32\IMM32.DLL
0x00007ffcc4b00000 - 0x00007ffcc4b0c000 	C:\Program Files\Java\jdk-21\bin\vcruntime140_1.dll
0x00007ffcbb110000 - 0x00007ffcbb19e000 	C:\Program Files\Java\jdk-21\bin\msvcp140.dll
0x00007ffc6a290000 - 0x00007ffc6afa7000 	C:\Program Files\Java\jdk-21\bin\server\jvm.dll
0x00007ffcd0260000 - 0x00007ffcd02cb000 	C:\Windows\System32\WS2_32.dll
0x00007ffccd770000 - 0x00007ffccd7bb000 	C:\Windows\SYSTEM32\POWRPROF.dll
0x00007ffcac660000 - 0x00007ffcac687000 	C:\Windows\SYSTEM32\WINMM.dll
0x00007ffccd750000 - 0x00007ffccd762000 	C:\Windows\SYSTEM32\UMPDC.dll
0x00007ffccc210000 - 0x00007ffccc222000 	C:\Windows\SYSTEM32\kernel.appcore.dll
0x00007ffcc3b40000 - 0x00007ffcc3b4a000 	C:\Program Files\Java\jdk-21\bin\jimage.dll
0x00007ffcc85b0000 - 0x00007ffcc8794000 	C:\Windows\SYSTEM32\DBGHELP.DLL
0x00007ffcc23d0000 - 0x00007ffcc2404000 	C:\Windows\SYSTEM32\dbgcore.DLL
0x00007ffcce0d0000 - 0x00007ffcce152000 	C:\Windows\System32\bcryptPrimitives.dll
0x00007ffcc3b20000 - 0x00007ffcc3b3f000 	C:\Program Files\Java\jdk-21\bin\java.dll

dbghelp: loaded successfully - version: 4.0.5 - missing functions: none
symbol engine: initialized successfully - sym options: 0x614 - pdb path: .;C:\Program Files\Java\jdk-21\bin;C:\Windows\SYSTEM32;C:\Windows\WinSxS\amd64_microsoft.windows.common-controls_6595b64144ccf1df_6.0.19041.3636_none_60b6a03d71f818d5;C:\Program Files\Java\jdk-21\bin\server

VM Arguments:
jvm_args: -Dfile.encoding=UTF-8 -Dstdout.encoding=UTF-8 -Dstderr.encoding=UTF-8 -XX:+ShowCodeDetailsInExceptionMessages 
java_command: Main
java_class_path (initial): C:\Users\HP\Documents\HJSS_Project\PFSE_CW\out\production\Hatfeild Junior Swimming System;C:\Users\HP\.p2\pool\plugins\junit-jupiter-api_5.10.2.jar;C:\Users\HP\.p2\pool\plugins\junit-jupiter-engine_5.10.2.jar;C:\Users\HP\.p2\pool\plugins\junit-jupiter-migrationsupport_5.10.2.jar;C:\Users\HP\.p2\pool\plugins\junit-jupiter-params_5.10.2.jar;C:\Users\HP\.p2\pool\plugins\junit-platform-commons_1.10.2.jar;C:\Users\HP\.p2\pool\plugins\junit-platform-engine_1.10.2.jar;C:\Users\HP\.p2\pool\plugins\junit-platform-launcher_1.10.2.jar;C:\Users\HP\.p2\pool\plugins\junit-platform-runner_1.10.2.jar;C:\Users\HP\.p2\pool\plugins\junit-platform-suite-api_1.10.2.jar;C:\Users\HP\.p2\pool\plugins\junit-platform-suite-engine_1.10.2.jar;C:\Users\HP\.p2\pool\plugins\junit-platform-suite-commons_1.10.2.jar;C:\Users\HP\.p2\pool\plugins\junit-vintage-engine_5.10.2.jar;C:\Users\HP\.p2\pool\plugins\org.opentest4j_1.3.0.jar;C:\Users\HP\.p2\pool\plugins\org.apiguardian.api_1.1.2.jar;C:\Users\HP\.p2\pool\plugins\org.junit_4.13.2.v20230809-1000.jar;C:\Users\HP\.p2\pool\plugins\org.hamcrest_2.2.0.jar;C:\Users\HP\.p2\pool\plugins\org.hamcrest.core_2.2.0.v20230809-1000.jar
Launcher Type: SUN_STANDARD

[Global flags]
     intx CICompilerCount                          = 3                                         {product} {ergonomic}
     uint ConcGCThreads                            = 1                                         {product} {ergonomic}
     uint G1ConcRefinementThreads                  = 4                                         {product} {ergonomic}
   size_t G1HeapRegionSize                         = 1048576                                   {product} {ergonomic}
    uintx GCDrainStackTargetSize                   = 64                                        {product} {ergonomic}
   size_t InitialHeapSize                          = 134217728                                 {product} {ergonomic}
   size_t MarkStackSize                            = 4194304                                   {product} {ergonomic}
   size_t MaxHeapSize                              = 2116026368                                {product} {ergonomic}
   size_t MinHeapDeltaBytes                        = 1048576                                   {product} {ergonomic}
   size_t MinHeapSize                              = 8388608                                   {product} {ergonomic}
    uintx NonNMethodCodeHeapSize                   = 5832780                                {pd product} {ergonomic}
    uintx NonProfiledCodeHeapSize                  = 122912730                              {pd product} {ergonomic}
    uintx ProfiledCodeHeapSize                     = 122912730                              {pd product} {ergonomic}
    uintx ReservedCodeCacheSize                    = 251658240                              {pd product} {ergonomic}
     bool SegmentedCodeCache                       = true                                      {product} {ergonomic}
     bool ShowCodeDetailsInExceptionMessages       = true                                   {manageable} {command line}
   size_t SoftMaxHeapSize                          = 2116026368                             {manageable} {ergonomic}
     bool UseCompressedOops                        = true                           {product lp64_product} {ergonomic}
     bool UseG1GC                                  = true                                      {product} {ergonomic}
     bool UseLargePagesIndividualAllocation        = false                                  {pd product} {ergonomic}

Logging:
Log output configuration:
 #0: stdout all=warning uptime,level,tags foldmultilines=false
 #1: stderr all=off uptime,level,tags foldmultilines=false

Environment Variables:
JAVA_HOME=C:\Program Files\Java\jdk-21
PATH=C:\Program Files\Common Files\Oracle\Java\javapath;C:\Windows\system32;C:\Windows;C:\Windows\System32\Wbem;C:\Windows\System32\WindowsPowerShell\v1.0\;C:\Windows\System32\OpenSSH\;C:\Program Files\Git\cmd;C:\Program Files\Java\jdk-21\bin;C:\Program Files (x86)\Pulse Secure\VC142.CRT\X64\;C:\Program Files (x86)\Pulse Secure\VC142.CRT\X86\;C:\Program Files (x86)\Common Files\Pulse Secure\TNC Client Plugin\;C:\Users\HP\AppData\Local\Microsoft\WindowsApps;;C:\Users\HP\AppData\Local\Programs\Microsoft VS Code\bin;C:\Program Files\JetBrains\IntelliJ IDEA 2023.3.4\bin;
USERNAME=HP
OS=Windows_NT
PROCESSOR_IDENTIFIER=Intel64 Family 6 Model 78 Stepping 3, GenuineIntel
TMP=C:\Users\HP\AppData\Local\Temp
TEMP=C:\Users\HP\AppData\Local\Temp




Periodic native trim disabled

---------------  S Y S T E M  ---------------

OS:
 Windows 10 , 64 bit Build 19041 (10.0.19041.3636)
OS uptime: 6 days 4:06 hours

CPU: total 4 (initial active 4) (2 cores per cpu, 2 threads per core) family 6 model 78 stepping 3 microcode 0xf0, cx8, cmov, fxsr, ht, mmx, 3dnowpref, sse, sse2, sse3, ssse3, sse4.1, sse4.2, popcnt, lzcnt, tsc, tscinvbit, avx, avx2, aes, erms, clmul, bmi1, bmi2, rtm, adx, fma, vzeroupper, clflush, clflushopt, rdtscp, f16c
Processor Information for processor 0
  Max Mhz: 2808, Current Mhz: 2607, Mhz Limit: 2583
Processor Information for processor 1
  Max Mhz: 2808, Current Mhz: 1404, Mhz Limit: 2583
Processor Information for processor 2
  Max Mhz: 2808, Current Mhz: 2607, Mhz Limit: 2583
Processor Information for processor 3
  Max Mhz: 2808, Current Mhz: 2607, Mhz Limit: 2583

Memory: 4k page, system-wide physical 8071M (3032M free)
TotalPageFile size 20490M (AvailPageFile size 6M)
current process WorkingSet (physical memory assigned to process): 10M, peak: 10M
current process commit charge ("private bytes"): 51M, peak: 179M

vm_info: Java HotSpot(TM) 64-Bit Server VM (21.0.2+13-LTS-58) for windows-amd64 JRE (21.0.2+13-LTS-58), built on 2024-01-05T18:32:24Z by "mach5one" with MS VC++ 17.1 (VS2022)

END.
